Loading: ./auto_gl/ToN-iot-oversample/deploy-exp/XGB/models/XGBoost/dataset_train.pkl
Loading: ./auto_gl/ToN-iot-oversample/deploy-exp/XGB/models/XGBoost/dataset_val.pkl
	Fitting XGBoost/T1 with 'num_gpus': 1, 'num_cpus': 8
Saving ./auto_gl/ToN-iot-oversample/deploy-exp/XGB/models/XGBoost/T1/model.pkl
Loading: ./auto_gl/ToN-iot-oversample/deploy-exp/XGB/models/XGBoost/dataset_train.pkl
Loading: ./auto_gl/ToN-iot-oversample/deploy-exp/XGB/models/XGBoost/dataset_val.pkl
	Fitting XGBoost/T2 with 'num_gpus': 1, 'num_cpus': 8
Saving ./auto_gl/ToN-iot-oversample/deploy-exp/XGB/models/XGBoost/T2/model.pkl
Loading: ./auto_gl/ToN-iot-oversample/deploy-exp/XGB/models/XGBoost/dataset_train.pkl
Loading: ./auto_gl/ToN-iot-oversample/deploy-exp/XGB/models/XGBoost/dataset_val.pkl
	Fitting XGBoost/T3 with 'num_gpus': 1, 'num_cpus': 8
Saving ./auto_gl/ToN-iot-oversample/deploy-exp/XGB/models/XGBoost/T3/model.pkl
Loading: ./auto_gl/ToN-iot-oversample/deploy-exp/XGB/models/XGBoost/dataset_train.pkl
Loading: ./auto_gl/ToN-iot-oversample/deploy-exp/XGB/models/XGBoost/dataset_val.pkl
	Fitting XGBoost/T4 with 'num_gpus': 1, 'num_cpus': 8
Saving ./auto_gl/ToN-iot-oversample/deploy-exp/XGB/models/XGBoost/T4/model.pkl
Loading: ./auto_gl/ToN-iot-oversample/deploy-exp/XGB/models/XGBoost/dataset_train.pkl
Loading: ./auto_gl/ToN-iot-oversample/deploy-exp/XGB/models/XGBoost/dataset_val.pkl
	Fitting XGBoost/T5 with 'num_gpus': 1, 'num_cpus': 8
Saving ./auto_gl/ToN-iot-oversample/deploy-exp/XGB/models/XGBoost/T5/model.pkl
Time for XGBoost model HPO: 239.83740258216858
Best hyperparameter configuration for XGBoost model: 
{'n_estimators': 10000, 'learning_rate': 0.1, 'n_jobs': -1, 'proc.max_category_levels': 100, 'objective': 'binary:logistic', 'booster': 'gbtree', 'use_label_encoder': False, 'max_depth': 6, 'min_child_weight': 1, 'gamma': 0.01, 'subsample': 1.0, 'colsample_bytree': 1.0, 'reg_alpha': 0.0, 'reg_lambda': 1.0}
Loading: ./auto_gl/ToN-iot-oversample/deploy-exp/XGB/models/XGBoost/T1/model.pkl
Fitted model: XGBoost/T1 ...
	1.0	 = Validation score   (roc_auc)
	21.03s	 = Training   runtime
	0.04s	 = Validation runtime
Loading: ./auto_gl/ToN-iot-oversample/deploy-exp/XGB/models/XGBoost/T2/model.pkl
Fitted model: XGBoost/T2 ...
	0.9999	 = Validation score   (roc_auc)
	62.06s	 = Training   runtime
	0.04s	 = Validation runtime
Loading: ./auto_gl/ToN-iot-oversample/deploy-exp/XGB/models/XGBoost/T3/model.pkl
Fitted model: XGBoost/T3 ...
	0.9999	 = Validation score   (roc_auc)
	72.17s	 = Training   runtime
	0.04s	 = Validation runtime
Loading: ./auto_gl/ToN-iot-oversample/deploy-exp/XGB/models/XGBoost/T4/model.pkl
Fitted model: XGBoost/T4 ...
	0.9999	 = Validation score   (roc_auc)
	6.66s	 = Training   runtime
	0.01s	 = Validation runtime
Loading: ./auto_gl/ToN-iot-oversample/deploy-exp/XGB/models/XGBoost/T5/model.pkl
Fitted model: XGBoost/T5 ...
	0.9999	 = Validation score   (roc_auc)
	76.19s	 = Training   runtime
	0.06s	 = Validation runtime
Saving ./auto_gl/ToN-iot-oversample/deploy-exp/XGB/models/trainer.pkl
Loading: ./auto_gl/ToN-iot-oversample/deploy-exp/XGB/models/XGBoost/T1/model.pkl
Loading: ./auto_gl/ToN-iot-oversample/deploy-exp/XGB/models/XGBoost/T2/model.pkl
Loading: ./auto_gl/ToN-iot-oversample/deploy-exp/XGB/models/XGBoost/T3/model.pkl
Loading: ./auto_gl/ToN-iot-oversample/deploy-exp/XGB/models/XGBoost/T4/model.pkl
Loading: ./auto_gl/ToN-iot-oversample/deploy-exp/XGB/models/XGBoost/T5/model.pkl
Model configs that will be trained (in order):
	WeightedEnsemble_L2: 	{'ag_args': {'valid_base': False, 'name_bag_suffix': '', 'model_type': <class 'autogluon.core.models.greedy_ensemble.greedy_weighted_ensemble_model.GreedyWeightedEnsembleModel'>, 'priority': 0}, 'ag_args_ensemble': {'save_bag_folds': True}}
Fitting model: WeightedEnsemble_L2 ... Training model for up to 360.0s of the 957.86s of remaining time.
Saving ./auto_gl/ToN-iot-oversample/deploy-exp/XGB/models/WeightedEnsemble_L2/utils/model_template.pkl
Loading: ./auto_gl/ToN-iot-oversample/deploy-exp/XGB/models/WeightedEnsemble_L2/utils/model_template.pkl
	Fitting S1F1 with 'num_gpus': 0, 'num_cpus': 16
Ensemble size: 1
Ensemble weights: 
[1. 0. 0. 0. 0.]
Saving ./auto_gl/ToN-iot-oversample/deploy-exp/XGB/models/WeightedEnsemble_L2/utils/oof.pkl
Saving ./auto_gl/ToN-iot-oversample/deploy-exp/XGB/models/WeightedEnsemble_L2/model.pkl
	1.0	 = Validation score   (roc_auc)
	0.97s	 = Training   runtime
	0.0s	 = Validation runtime
Saving ./auto_gl/ToN-iot-oversample/deploy-exp/XGB/models/trainer.pkl
Saving ./auto_gl/ToN-iot-oversample/deploy-exp/XGB/models/trainer.pkl
Saving ./auto_gl/ToN-iot-oversample/deploy-exp/XGB/models/trainer.pkl
AutoGluon training complete, total runtime = 246.68s ... Best model: "WeightedEnsemble_L2"
Loading: ./auto_gl/ToN-iot-oversample/deploy-exp/XGB/models/trainer.pkl
Loading: ./auto_gl/ToN-iot-oversample/deploy-exp/XGB/models/XGBoost/T2/model.pkl
Deleting model XGBoost/T2. All files under ./auto_gl/ToN-iot-oversample/deploy-exp/XGB/models/XGBoost/T2/ will be removed.
Loading: ./auto_gl/ToN-iot-oversample/deploy-exp/XGB/models/XGBoost/T3/model.pkl
Deleting model XGBoost/T3. All files under ./auto_gl/ToN-iot-oversample/deploy-exp/XGB/models/XGBoost/T3/ will be removed.
Loading: ./auto_gl/ToN-iot-oversample/deploy-exp/XGB/models/XGBoost/T4/model.pkl
Deleting model XGBoost/T4. All files under ./auto_gl/ToN-iot-oversample/deploy-exp/XGB/models/XGBoost/T4/ will be removed.
Loading: ./auto_gl/ToN-iot-oversample/deploy-exp/XGB/models/XGBoost/T5/model.pkl
Deleting model XGBoost/T5. All files under ./auto_gl/ToN-iot-oversample/deploy-exp/XGB/models/XGBoost/T5/ will be removed.
Saving ./auto_gl/ToN-iot-oversample/deploy-exp/XGB/models/trainer.pkl
Loading: ./auto_gl/ToN-iot-oversample/deploy-exp/XGB/models/XGBoost/T1/model.pkl
Saving ./auto_gl/ToN-iot-oversample/deploy-exp/XGB/models/XGBoost/T1/model.pkl
Loading: ./auto_gl/ToN-iot-oversample/deploy-exp/XGB/models/WeightedEnsemble_L2/model.pkl
Saving ./auto_gl/ToN-iot-oversample/deploy-exp/XGB/models/WeightedEnsemble_L2/model.pkl
Saving ./auto_gl/ToN-iot-oversample/deploy-exp/XGB/models/trainer.pkl
Saving ./auto_gl/ToN-iot-oversample/deploy-exp/XGB/models/trainer.pkl
Saving ./auto_gl/ToN-iot-oversample/deploy-exp/XGB/learner.pkl
Saving ./auto_gl/ToN-iot-oversample/deploy-exp/XGB/predictor.pkl
Saving ./auto_gl/ToN-iot-oversample/deploy-exp/XGB/__version__ with contents "0.4.0"
TabularPredictor saved. To load, use: predictor = TabularPredictor.load("./auto_gl/ToN-iot-oversample/deploy-exp/XGB/")

*** Summary of fit() ***
Estimated performance of each model:
                 model  score_val  pred_time_val   fit_time  pred_time_val_marginal  fit_time_marginal  stack_level  can_infer  fit_order
0           XGBoost/T1   0.999977       0.035374  21.027789                0.035374          21.027789            1       True          1
1  WeightedEnsemble_L2   0.999977       0.037511  22.000917                0.002137           0.973127            2       True          2
Number of models trained: 2
Types of models trained:
{'XGBoostModel', 'WeightedEnsembleModel'}
Bagging used: False
Multi-layer stack-ensembling used: False
Feature Metadata (Processed):
(raw dtype, special dtypes):
('float', [])     : 36 | ['src_ip_bytes', 'proto_tcp', 'src_bytes', 'dst_ip_bytes', 'src_pkts', ...]
('int', ['bool']) :  4 | ['dns_qtype_12', 'dns_rcode_2', 'service_gssapi', 'service_dce_rpc']
*** End of fit() summary ***
{'model_types': {'XGBoost/T1': 'XGBoostModel', 'WeightedEnsemble_L2': 'WeightedEnsembleModel'}, 'model_performance': {'XGBoost/T1': 0.9999770399882162, 'WeightedEnsemble_L2': 0.9999770399882162}, 'model_best': 'WeightedEnsemble_L2', 'model_paths': {'XGBoost/T1': './auto_gl/ToN-iot-oversample/deploy-exp/XGB/models/XGBoost/T1/', 'WeightedEnsemble_L2': './auto_gl/ToN-iot-oversample/deploy-exp/XGB/models/WeightedEnsemble_L2/'}, 'model_fit_times': {'XGBoost/T1': 21.02778935432434, 'WeightedEnsemble_L2': 0.9731273651123047}, 'model_pred_times': {'XGBoost/T1': 0.03537440299987793, 'WeightedEnsemble_L2': 0.002136707305908203}, 'num_bag_folds': 0, 'max_stack_level': 2, 'num_classes': 2, 'model_hyperparams': {'XGBoost/T1': {'n_estimators': 10000, 'learning_rate': 0.1, 'n_jobs': -1, 'proc.max_category_levels': 100, 'objective': 'binary:logistic', 'booster': 'gbtree', 'use_label_encoder': False, 'max_depth': 6, 'min_child_weight': 1, 'gamma': 0.01, 'subsample': 1.0, 'colsample_bytree': 1.0, 'reg_alpha': 0.0, 'reg_lambda': 1.0}, 'WeightedEnsemble_L2': {'use_orig_features': False, 'max_base_models': 25, 'max_base_models_per_type': 5, 'save_bag_folds': True}}, 'leaderboard':                  model  score_val  pred_time_val   fit_time  \
0           XGBoost/T1   0.999977       0.035374  21.027789
1  WeightedEnsemble_L2   0.999977       0.037511  22.000917

   pred_time_val_marginal  fit_time_marginal  stack_level  can_infer  \
0                0.035374          21.027789            1       True
1                0.002137           0.973127            2       True

   fit_order
0          1
1          2  }
{
    "roc_auc": 0.9999767349292622,
    "accuracy": 0.9988232426389624,
    "balanced_accuracy": 0.9988227450018475,
    "mcc": 0.9976479487971535,
    "f1": 0.998824931594232,
    "precision": 0.9979705477843749,
    "recall": 0.9996807795698924
}