Loading: ./auto_gl/ToN-iot/deploy-exp/XGB/models/XGBoost/dataset_train.pkl
Loading: ./auto_gl/ToN-iot/deploy-exp/XGB/models/XGBoost/dataset_val.pkl
	Fitting XGBoost/T1 with 'num_gpus': 1, 'num_cpus': 8
Saving ./auto_gl/ToN-iot/deploy-exp/XGB/models/XGBoost/T1/model.pkl
Loading: ./auto_gl/ToN-iot/deploy-exp/XGB/models/XGBoost/dataset_train.pkl
Loading: ./auto_gl/ToN-iot/deploy-exp/XGB/models/XGBoost/dataset_val.pkl
	Fitting XGBoost/T2 with 'num_gpus': 1, 'num_cpus': 8
Saving ./auto_gl/ToN-iot/deploy-exp/XGB/models/XGBoost/T2/model.pkl
Loading: ./auto_gl/ToN-iot/deploy-exp/XGB/models/XGBoost/dataset_train.pkl
Loading: ./auto_gl/ToN-iot/deploy-exp/XGB/models/XGBoost/dataset_val.pkl
	Fitting XGBoost/T3 with 'num_gpus': 1, 'num_cpus': 8
Saving ./auto_gl/ToN-iot/deploy-exp/XGB/models/XGBoost/T3/model.pkl
Loading: ./auto_gl/ToN-iot/deploy-exp/XGB/models/XGBoost/dataset_train.pkl
Loading: ./auto_gl/ToN-iot/deploy-exp/XGB/models/XGBoost/dataset_val.pkl
	Fitting XGBoost/T4 with 'num_gpus': 1, 'num_cpus': 8
Saving ./auto_gl/ToN-iot/deploy-exp/XGB/models/XGBoost/T4/model.pkl
Loading: ./auto_gl/ToN-iot/deploy-exp/XGB/models/XGBoost/dataset_train.pkl
Loading: ./auto_gl/ToN-iot/deploy-exp/XGB/models/XGBoost/dataset_val.pkl
	Fitting XGBoost/T5 with 'num_gpus': 1, 'num_cpus': 8
Saving ./auto_gl/ToN-iot/deploy-exp/XGB/models/XGBoost/T5/model.pkl
Time for XGBoost model HPO: 250.6301305294037
Best hyperparameter configuration for XGBoost model: 
{'n_estimators': 10000, 'learning_rate': 0.1, 'n_jobs': -1, 'proc.max_category_levels': 100, 'objective': 'binary:logistic', 'booster': 'gbtree', 'use_label_encoder': False, 'max_depth': 6, 'min_child_weight': 1, 'gamma': 0.01, 'subsample': 1.0, 'colsample_bytree': 1.0, 'reg_alpha': 0.0, 'reg_lambda': 1.0}
Loading: ./auto_gl/ToN-iot/deploy-exp/XGB/models/XGBoost/T1/model.pkl
Fitted model: XGBoost/T1 ...
	0.9996	 = Validation score   (roc_auc)
	18.98s	 = Training   runtime
	0.03s	 = Validation runtime
Loading: ./auto_gl/ToN-iot/deploy-exp/XGB/models/XGBoost/T2/model.pkl
Fitted model: XGBoost/T2 ...
	0.9994	 = Validation score   (roc_auc)
	50.57s	 = Training   runtime
	0.02s	 = Validation runtime
Loading: ./auto_gl/ToN-iot/deploy-exp/XGB/models/XGBoost/T3/model.pkl
Fitted model: XGBoost/T3 ...
	0.9995	 = Validation score   (roc_auc)
	61.74s	 = Training   runtime
	0.04s	 = Validation runtime
Loading: ./auto_gl/ToN-iot/deploy-exp/XGB/models/XGBoost/T4/model.pkl
Fitted model: XGBoost/T4 ...
	0.9995	 = Validation score   (roc_auc)
	48.77s	 = Training   runtime
	0.02s	 = Validation runtime
Loading: ./auto_gl/ToN-iot/deploy-exp/XGB/models/XGBoost/T5/model.pkl
Fitted model: XGBoost/T5 ...
	0.9995	 = Validation score   (roc_auc)
	70.03s	 = Training   runtime
	0.07s	 = Validation runtime
Saving ./auto_gl/ToN-iot/deploy-exp/XGB/models/trainer.pkl
Loading: ./auto_gl/ToN-iot/deploy-exp/XGB/models/XGBoost/T1/model.pkl
Loading: ./auto_gl/ToN-iot/deploy-exp/XGB/models/XGBoost/T2/model.pkl
Loading: ./auto_gl/ToN-iot/deploy-exp/XGB/models/XGBoost/T3/model.pkl
Loading: ./auto_gl/ToN-iot/deploy-exp/XGB/models/XGBoost/T4/model.pkl
Loading: ./auto_gl/ToN-iot/deploy-exp/XGB/models/XGBoost/T5/model.pkl
Model configs that will be trained (in order):
	WeightedEnsemble_L2: 	{'ag_args': {'valid_base': False, 'name_bag_suffix': '', 'model_type': <class 'autogluon.core.models.greedy_ensemble.greedy_weighted_ensemble_model.GreedyWeightedEnsembleModel'>, 'priority': 0}, 'ag_args_ensemble': {'save_bag_folds': True}}
Fitting model: WeightedEnsemble_L2 ... Training model for up to 360.0s of the 946.97s of remaining time.
Saving ./auto_gl/ToN-iot/deploy-exp/XGB/models/WeightedEnsemble_L2/utils/model_template.pkl
Loading: ./auto_gl/ToN-iot/deploy-exp/XGB/models/WeightedEnsemble_L2/utils/model_template.pkl
	Fitting S1F1 with 'num_gpus': 0, 'num_cpus': 16
Ensemble size: 1
Ensemble weights: 
[1. 0. 0. 0. 0.]
Saving ./auto_gl/ToN-iot/deploy-exp/XGB/models/WeightedEnsemble_L2/utils/oof.pkl
Saving ./auto_gl/ToN-iot/deploy-exp/XGB/models/WeightedEnsemble_L2/model.pkl
	0.9996	 = Validation score   (roc_auc)
	0.83s	 = Training   runtime
	0.0s	 = Validation runtime
Saving ./auto_gl/ToN-iot/deploy-exp/XGB/models/trainer.pkl
Saving ./auto_gl/ToN-iot/deploy-exp/XGB/models/trainer.pkl
Saving ./auto_gl/ToN-iot/deploy-exp/XGB/models/trainer.pkl
AutoGluon training complete, total runtime = 254.24s ... Best model: "WeightedEnsemble_L2"
Loading: ./auto_gl/ToN-iot/deploy-exp/XGB/models/trainer.pkl
Loading: ./auto_gl/ToN-iot/deploy-exp/XGB/models/XGBoost/T2/model.pkl
Deleting model XGBoost/T2. All files under ./auto_gl/ToN-iot/deploy-exp/XGB/models/XGBoost/T2/ will be removed.
Loading: ./auto_gl/ToN-iot/deploy-exp/XGB/models/XGBoost/T3/model.pkl
Deleting model XGBoost/T3. All files under ./auto_gl/ToN-iot/deploy-exp/XGB/models/XGBoost/T3/ will be removed.
Loading: ./auto_gl/ToN-iot/deploy-exp/XGB/models/XGBoost/T4/model.pkl
Deleting model XGBoost/T4. All files under ./auto_gl/ToN-iot/deploy-exp/XGB/models/XGBoost/T4/ will be removed.
Loading: ./auto_gl/ToN-iot/deploy-exp/XGB/models/XGBoost/T5/model.pkl
Deleting model XGBoost/T5. All files under ./auto_gl/ToN-iot/deploy-exp/XGB/models/XGBoost/T5/ will be removed.
Saving ./auto_gl/ToN-iot/deploy-exp/XGB/models/trainer.pkl
Loading: ./auto_gl/ToN-iot/deploy-exp/XGB/models/XGBoost/T1/model.pkl
Saving ./auto_gl/ToN-iot/deploy-exp/XGB/models/XGBoost/T1/model.pkl
Loading: ./auto_gl/ToN-iot/deploy-exp/XGB/models/WeightedEnsemble_L2/model.pkl
Saving ./auto_gl/ToN-iot/deploy-exp/XGB/models/WeightedEnsemble_L2/model.pkl
Saving ./auto_gl/ToN-iot/deploy-exp/XGB/models/trainer.pkl
Saving ./auto_gl/ToN-iot/deploy-exp/XGB/models/trainer.pkl
Saving ./auto_gl/ToN-iot/deploy-exp/XGB/learner.pkl
Saving ./auto_gl/ToN-iot/deploy-exp/XGB/predictor.pkl
Saving ./auto_gl/ToN-iot/deploy-exp/XGB/__version__ with contents "0.4.0"
TabularPredictor saved. To load, use: predictor = TabularPredictor.load("./auto_gl/ToN-iot/deploy-exp/XGB/")

*** Summary of fit() ***
Estimated performance of each model:
                 model  score_val  pred_time_val   fit_time  pred_time_val_marginal  fit_time_marginal  stack_level  can_infer  fit_order
0           XGBoost/T1   0.999587       0.025201  18.984491                0.025201          18.984491            1       True          1
1  WeightedEnsemble_L2   0.999587       0.027362  19.814454                0.002161           0.829963            2       True          2
Number of models trained: 2
Types of models trained:
{'WeightedEnsembleModel', 'XGBoostModel'}
Bagging used: False
Multi-layer stack-ensembling used: False
Feature Metadata (Processed):
(raw dtype, special dtypes):
('float', [])     :  1 | ['duration']
('int', [])       :  6 | ['src_ip_bytes', 'src_bytes', 'dst_ip_bytes', 'src_pkts', 'dst_bytes', ...]
('int', ['bool']) : 33 | ['proto_tcp', 'conn_state_REJ', 'dns_rejected_T', 'conn_state_S0', 'conn_state_OTH', ...]
*** End of fit() summary ***
{'model_types': {'XGBoost/T1': 'XGBoostModel', 'WeightedEnsemble_L2': 'WeightedEnsembleModel'}, 'model_performance': {'XGBoost/T1': 0.999587173392834, 'WeightedEnsemble_L2': 0.999587173392834}, 'model_best': 'WeightedEnsemble_L2', 'model_paths': {'XGBoost/T1': './auto_gl/ToN-iot/deploy-exp/XGB/models/XGBoost/T1/', 'WeightedEnsemble_L2': './auto_gl/ToN-iot/deploy-exp/XGB/models/WeightedEnsemble_L2/'}, 'model_fit_times': {'XGBoost/T1': 18.9844913482666, 'WeightedEnsemble_L2': 0.829962968826294}, 'model_pred_times': {'XGBoost/T1': 0.025201082229614258, 'WeightedEnsemble_L2': 0.0021605491638183594}, 'num_bag_folds': 0, 'max_stack_level': 2, 'num_classes': 2, 'model_hyperparams': {'XGBoost/T1': {'n_estimators': 10000, 'learning_rate': 0.1, 'n_jobs': -1, 'proc.max_category_levels': 100, 'objective': 'binary:logistic', 'booster': 'gbtree', 'use_label_encoder': False, 'max_depth': 6, 'min_child_weight': 1, 'gamma': 0.01, 'subsample': 1.0, 'colsample_bytree': 1.0, 'reg_alpha': 0.0, 'reg_lambda': 1.0}, 'WeightedEnsemble_L2': {'use_orig_features': False, 'max_base_models': 25, 'max_base_models_per_type': 5, 'save_bag_folds': True}}, 'leaderboard':                  model  score_val  pred_time_val   fit_time  \
0           XGBoost/T1   0.999587       0.025201  18.984491
1  WeightedEnsemble_L2   0.999587       0.027362  19.814454

   pred_time_val_marginal  fit_time_marginal  stack_level  can_infer  \
0                0.025201          18.984491            1       True
1                0.002161           0.829963            2       True

   fit_order
0          1
1          2  }
{
    "roc_auc": 0.999520764123899,
    "accuracy": 0.991215608020909,
    "balanced_accuracy": 0.9914308596458548,
    "mcc": 0.980743703136349,
    "f1": 0.9874849355705942,
    "precision": 0.9828683911050964,
    "recall": 0.9921450526250427
}