Loading: ./auto_gl/ToN-iot-oversample/deploy-exp/lgb_search/models/LightGBM/dataset_train.pkl
Loading: ./auto_gl/ToN-iot-oversample/deploy-exp/lgb_search/models/LightGBM/dataset_val.pkl
	Fitting LightGBM/T1 with 'num_gpus': 0, 'num_cpus': 8
	Fitting 100 rounds... Hyperparameters: {'learning_rate': 0.05, 'num_leaves': 36, 'feature_fraction': 1.0, 'min_data_in_leaf': 20}
Saving ./auto_gl/ToN-iot-oversample/deploy-exp/lgb_search/models/LightGBM/T1/model.pkl
Loading: ./auto_gl/ToN-iot-oversample/deploy-exp/lgb_search/models/LightGBM/dataset_train.pkl
Loading: ./auto_gl/ToN-iot-oversample/deploy-exp/lgb_search/models/LightGBM/dataset_val.pkl
	Fitting LightGBM/T2 with 'num_gpus': 0, 'num_cpus': 8
	Fitting 100 rounds... Hyperparameters: {'learning_rate': 0.06994332504138305, 'num_leaves': 29, 'feature_fraction': 0.8872033759818312, 'min_data_in_leaf': 5}
Saving ./auto_gl/ToN-iot-oversample/deploy-exp/lgb_search/models/LightGBM/T2/model.pkl
Loading: ./auto_gl/ToN-iot-oversample/deploy-exp/lgb_search/models/LightGBM/dataset_train.pkl
Loading: ./auto_gl/ToN-iot-oversample/deploy-exp/lgb_search/models/LightGBM/dataset_val.pkl
	Fitting LightGBM/T3 with 'num_gpus': 0, 'num_cpus': 8
	Fitting 100 rounds... Hyperparameters: {'learning_rate': 0.049883446878335284, 'num_leaves': 62, 'feature_fraction': 0.9618129346960314, 'min_data_in_leaf': 52}
Saving ./auto_gl/ToN-iot-oversample/deploy-exp/lgb_search/models/LightGBM/T3/model.pkl
Loading: ./auto_gl/ToN-iot-oversample/deploy-exp/lgb_search/models/LightGBM/dataset_train.pkl
Loading: ./auto_gl/ToN-iot-oversample/deploy-exp/lgb_search/models/LightGBM/dataset_val.pkl
	Fitting LightGBM/T4 with 'num_gpus': 0, 'num_cpus': 8
	Fitting 100 rounds... Hyperparameters: {'learning_rate': 0.006163502781172814, 'num_leaves': 27, 'feature_fraction': 0.824383651636118, 'min_data_in_leaf': 14}
Saving ./auto_gl/ToN-iot-oversample/deploy-exp/lgb_search/models/LightGBM/T4/model.pkl
Loading: ./auto_gl/ToN-iot-oversample/deploy-exp/lgb_search/models/LightGBM/dataset_train.pkl
Loading: ./auto_gl/ToN-iot-oversample/deploy-exp/lgb_search/models/LightGBM/dataset_val.pkl
	Fitting LightGBM/T5 with 'num_gpus': 0, 'num_cpus': 8
	Fitting 100 rounds... Hyperparameters: {'learning_rate': 0.035179640321040824, 'num_leaves': 43, 'feature_fraction': 0.9479312595206661, 'min_data_in_leaf': 26}
Saving ./auto_gl/ToN-iot-oversample/deploy-exp/lgb_search/models/LightGBM/T5/model.pkl
Loading: ./auto_gl/ToN-iot-oversample/deploy-exp/lgb_search/models/LightGBM/dataset_train.pkl
Loading: ./auto_gl/ToN-iot-oversample/deploy-exp/lgb_search/models/LightGBM/dataset_val.pkl
	Fitting LightGBM/T6 with 'num_gpus': 0, 'num_cpus': 8
	Fitting 100 rounds... Hyperparameters: {'learning_rate': 0.006497915076728414, 'num_leaves': 46, 'feature_fraction': 0.9813991595731653, 'min_data_in_leaf': 11}
Saving ./auto_gl/ToN-iot-oversample/deploy-exp/lgb_search/models/LightGBM/T6/model.pkl
Loading: ./auto_gl/ToN-iot-oversample/deploy-exp/lgb_search/models/LightGBM/dataset_train.pkl
Loading: ./auto_gl/ToN-iot-oversample/deploy-exp/lgb_search/models/LightGBM/dataset_val.pkl
	Fitting LightGBM/T7 with 'num_gpus': 0, 'num_cpus': 8
	Fitting 100 rounds... Hyperparameters: {'learning_rate': 0.10786410564546556, 'num_leaves': 26, 'feature_fraction': 0.7550545993600815, 'min_data_in_leaf': 17}
Saving ./auto_gl/ToN-iot-oversample/deploy-exp/lgb_search/models/LightGBM/T7/model.pkl
Loading: ./auto_gl/ToN-iot-oversample/deploy-exp/lgb_search/models/LightGBM/dataset_train.pkl
Loading: ./auto_gl/ToN-iot-oversample/deploy-exp/lgb_search/models/LightGBM/dataset_val.pkl
	Fitting LightGBM/T8 with 'num_gpus': 0, 'num_cpus': 8
	Fitting 100 rounds... Hyperparameters: {'learning_rate': 0.09533886267453755, 'num_leaves': 55, 'feature_fraction': 0.994654585558191, 'min_data_in_leaf': 53}
Saving ./auto_gl/ToN-iot-oversample/deploy-exp/lgb_search/models/LightGBM/T8/model.pkl
Loading: ./auto_gl/ToN-iot-oversample/deploy-exp/lgb_search/models/LightGBM/dataset_train.pkl
Loading: ./auto_gl/ToN-iot-oversample/deploy-exp/lgb_search/models/LightGBM/dataset_val.pkl
	Fitting LightGBM/T9 with 'num_gpus': 0, 'num_cpus': 8
	Fitting 100 rounds... Hyperparameters: {'learning_rate': 0.007734864854828253, 'num_leaves': 27, 'feature_fraction': 0.9451322940716138, 'min_data_in_leaf': 34}
Saving ./auto_gl/ToN-iot-oversample/deploy-exp/lgb_search/models/LightGBM/T9/model.pkl
Loading: ./auto_gl/ToN-iot-oversample/deploy-exp/lgb_search/models/LightGBM/dataset_train.pkl
Loading: ./auto_gl/ToN-iot-oversample/deploy-exp/lgb_search/models/LightGBM/dataset_val.pkl
	Fitting LightGBM/T10 with 'num_gpus': 0, 'num_cpus': 8
	Fitting 100 rounds... Hyperparameters: {'learning_rate': 0.16307458477834608, 'num_leaves': 36, 'feature_fraction': 0.7858383218522615, 'min_data_in_leaf': 33}
Saving ./auto_gl/ToN-iot-oversample/deploy-exp/lgb_search/models/LightGBM/T10/model.pkl
Loading: ./auto_gl/ToN-iot-oversample/deploy-exp/lgb_search/models/LightGBM/dataset_train.pkl
Loading: ./auto_gl/ToN-iot-oversample/deploy-exp/lgb_search/models/LightGBM/dataset_val.pkl
	Fitting LightGBM/T11 with 'num_gpus': 0, 'num_cpus': 8
	Fitting 100 rounds... Hyperparameters: {'learning_rate': 0.01326795426943024, 'num_leaves': 54, 'feature_fraction': 0.8536654849976308, 'min_data_in_leaf': 13}
Saving ./auto_gl/ToN-iot-oversample/deploy-exp/lgb_search/models/LightGBM/T11/model.pkl
Loading: ./auto_gl/ToN-iot-oversample/deploy-exp/lgb_search/models/LightGBM/dataset_train.pkl
Loading: ./auto_gl/ToN-iot-oversample/deploy-exp/lgb_search/models/LightGBM/dataset_val.pkl
	Fitting LightGBM/T12 with 'num_gpus': 0, 'num_cpus': 8
	Fitting 100 rounds... Hyperparameters: {'learning_rate': 0.005358859760545354, 'num_leaves': 31, 'feature_fraction': 0.8921084872171621, 'min_data_in_leaf': 55}
Saving ./auto_gl/ToN-iot-oversample/deploy-exp/lgb_search/models/LightGBM/T12/model.pkl
Loading: ./auto_gl/ToN-iot-oversample/deploy-exp/lgb_search/models/LightGBM/dataset_train.pkl
Loading: ./auto_gl/ToN-iot-oversample/deploy-exp/lgb_search/models/LightGBM/dataset_val.pkl
	Fitting LightGBM/T13 with 'num_gpus': 0, 'num_cpus': 8
	Fitting 100 rounds... Hyperparameters: {'learning_rate': 0.04867828600398975, 'num_leaves': 30, 'feature_fraction': 0.9030239306806054, 'min_data_in_leaf': 17}
Saving ./auto_gl/ToN-iot-oversample/deploy-exp/lgb_search/models/LightGBM/T13/model.pkl
Loading: ./auto_gl/ToN-iot-oversample/deploy-exp/lgb_search/models/LightGBM/dataset_train.pkl
Loading: ./auto_gl/ToN-iot-oversample/deploy-exp/lgb_search/models/LightGBM/dataset_val.pkl
	Fitting LightGBM/T14 with 'num_gpus': 0, 'num_cpus': 8
	Fitting 100 rounds... Hyperparameters: {'learning_rate': 0.018833161404017133, 'num_leaves': 27, 'feature_fraction': 0.9204550747758709, 'min_data_in_leaf': 58}
Saving ./auto_gl/ToN-iot-oversample/deploy-exp/lgb_search/models/LightGBM/T14/model.pkl
Loading: ./auto_gl/ToN-iot-oversample/deploy-exp/lgb_search/models/LightGBM/dataset_train.pkl
Loading: ./auto_gl/ToN-iot-oversample/deploy-exp/lgb_search/models/LightGBM/dataset_val.pkl
	Fitting LightGBM/T15 with 'num_gpus': 0, 'num_cpus': 8
	Fitting 100 rounds... Hyperparameters: {'learning_rate': 0.006243883954393057, 'num_leaves': 64, 'feature_fraction': 0.9244077989818162, 'min_data_in_leaf': 37}
Saving ./auto_gl/ToN-iot-oversample/deploy-exp/lgb_search/models/LightGBM/T15/model.pkl
Loading: ./auto_gl/ToN-iot-oversample/deploy-exp/lgb_search/models/LightGBM/dataset_train.pkl
Loading: ./auto_gl/ToN-iot-oversample/deploy-exp/lgb_search/models/LightGBM/dataset_val.pkl
	Fitting LightGBM/T16 with 'num_gpus': 0, 'num_cpus': 8
	Fitting 100 rounds... Hyperparameters: {'learning_rate': 0.010864643696586336, 'num_leaves': 26, 'feature_fraction': 0.9176594674045399, 'min_data_in_leaf': 29}
Saving ./auto_gl/ToN-iot-oversample/deploy-exp/lgb_search/models/LightGBM/T16/model.pkl
Loading: ./auto_gl/ToN-iot-oversample/deploy-exp/lgb_search/models/LightGBM/dataset_train.pkl
Loading: ./auto_gl/ToN-iot-oversample/deploy-exp/lgb_search/models/LightGBM/dataset_val.pkl
	Fitting LightGBM/T17 with 'num_gpus': 0, 'num_cpus': 8
	Fitting 100 rounds... Hyperparameters: {'learning_rate': 0.01912742372887113, 'num_leaves': 46, 'feature_fraction': 0.8288570877310459, 'min_data_in_leaf': 59}
Saving ./auto_gl/ToN-iot-oversample/deploy-exp/lgb_search/models/LightGBM/T17/model.pkl
Loading: ./auto_gl/ToN-iot-oversample/deploy-exp/lgb_search/models/LightGBM/dataset_train.pkl
Loading: ./auto_gl/ToN-iot-oversample/deploy-exp/lgb_search/models/LightGBM/dataset_val.pkl
	Fitting LightGBM/T18 with 'num_gpus': 0, 'num_cpus': 8
	Fitting 100 rounds... Hyperparameters: {'learning_rate': 0.17189540252926233, 'num_leaves': 29, 'feature_fraction': 0.9085685144893337, 'min_data_in_leaf': 49}
Saving ./auto_gl/ToN-iot-oversample/deploy-exp/lgb_search/models/LightGBM/T18/model.pkl
Loading: ./auto_gl/ToN-iot-oversample/deploy-exp/lgb_search/models/LightGBM/dataset_train.pkl
Loading: ./auto_gl/ToN-iot-oversample/deploy-exp/lgb_search/models/LightGBM/dataset_val.pkl
	Fitting LightGBM/T19 with 'num_gpus': 0, 'num_cpus': 8
	Fitting 100 rounds... Hyperparameters: {'learning_rate': 0.04276900414766508, 'num_leaves': 41, 'feature_fraction': 0.9988248919194719, 'min_data_in_leaf': 16}
Saving ./auto_gl/ToN-iot-oversample/deploy-exp/lgb_search/models/LightGBM/T19/model.pkl
Loading: ./auto_gl/ToN-iot-oversample/deploy-exp/lgb_search/models/LightGBM/dataset_train.pkl
Loading: ./auto_gl/ToN-iot-oversample/deploy-exp/lgb_search/models/LightGBM/dataset_val.pkl
	Fitting LightGBM/T20 with 'num_gpus': 0, 'num_cpus': 8
	Fitting 100 rounds... Hyperparameters: {'learning_rate': 0.04987358550131456, 'num_leaves': 39, 'feature_fraction': 0.8686743755721033, 'min_data_in_leaf': 17}
Saving ./auto_gl/ToN-iot-oversample/deploy-exp/lgb_search/models/LightGBM/T20/model.pkl
Loading: ./auto_gl/ToN-iot-oversample/deploy-exp/lgb_search/models/LightGBM/dataset_train.pkl
Loading: ./auto_gl/ToN-iot-oversample/deploy-exp/lgb_search/models/LightGBM/dataset_val.pkl
	Fitting LightGBM/T21 with 'num_gpus': 0, 'num_cpus': 8
	Fitting 100 rounds... Hyperparameters: {'learning_rate': 0.016111880217174437, 'num_leaves': 61, 'feature_fraction': 0.9186880805647551, 'min_data_in_leaf': 7}
Saving ./auto_gl/ToN-iot-oversample/deploy-exp/lgb_search/models/LightGBM/T21/model.pkl
Loading: ./auto_gl/ToN-iot-oversample/deploy-exp/lgb_search/models/LightGBM/dataset_train.pkl
Loading: ./auto_gl/ToN-iot-oversample/deploy-exp/lgb_search/models/LightGBM/dataset_val.pkl
	Fitting LightGBM/T22 with 'num_gpus': 0, 'num_cpus': 8
	Fitting 100 rounds... Hyperparameters: {'learning_rate': 0.103335706015396, 'num_leaves': 62, 'feature_fraction': 0.842181292665241, 'min_data_in_leaf': 2}
Saving ./auto_gl/ToN-iot-oversample/deploy-exp/lgb_search/models/LightGBM/T22/model.pkl
Loading: ./auto_gl/ToN-iot-oversample/deploy-exp/lgb_search/models/LightGBM/dataset_train.pkl
Loading: ./auto_gl/ToN-iot-oversample/deploy-exp/lgb_search/models/LightGBM/dataset_val.pkl
	Fitting LightGBM/T23 with 'num_gpus': 0, 'num_cpus': 8
	Fitting 100 rounds... Hyperparameters: {'learning_rate': 0.18336508595815929, 'num_leaves': 39, 'feature_fraction': 0.7740246019734908, 'min_data_in_leaf': 36}
Saving ./auto_gl/ToN-iot-oversample/deploy-exp/lgb_search/models/LightGBM/T23/model.pkl
Loading: ./auto_gl/ToN-iot-oversample/deploy-exp/lgb_search/models/LightGBM/dataset_train.pkl
Loading: ./auto_gl/ToN-iot-oversample/deploy-exp/lgb_search/models/LightGBM/dataset_val.pkl
	Fitting LightGBM/T24 with 'num_gpus': 0, 'num_cpus': 8
	Fitting 100 rounds... Hyperparameters: {'learning_rate': 0.02640913226367171, 'num_leaves': 36, 'feature_fraction': 0.7639286734254016, 'min_data_in_leaf': 2}
Saving ./auto_gl/ToN-iot-oversample/deploy-exp/lgb_search/models/LightGBM/T24/model.pkl
Loading: ./auto_gl/ToN-iot-oversample/deploy-exp/lgb_search/models/LightGBM/dataset_train.pkl
Loading: ./auto_gl/ToN-iot-oversample/deploy-exp/lgb_search/models/LightGBM/dataset_val.pkl
	Fitting LightGBM/T25 with 'num_gpus': 0, 'num_cpus': 8
	Fitting 100 rounds... Hyperparameters: {'learning_rate': 0.007789904009608388, 'num_leaves': 28, 'feature_fraction': 0.8207017406441024, 'min_data_in_leaf': 25}
Saving ./auto_gl/ToN-iot-oversample/deploy-exp/lgb_search/models/LightGBM/T25/model.pkl
Loading: ./auto_gl/ToN-iot-oversample/deploy-exp/lgb_search/models/LightGBM/dataset_train.pkl
Loading: ./auto_gl/ToN-iot-oversample/deploy-exp/lgb_search/models/LightGBM/dataset_val.pkl
	Fitting LightGBM/T26 with 'num_gpus': 0, 'num_cpus': 8
	Fitting 100 rounds... Hyperparameters: {'learning_rate': 0.1286901182192084, 'num_leaves': 29, 'feature_fraction': 0.9221652957014426, 'min_data_in_leaf': 32}
Saving ./auto_gl/ToN-iot-oversample/deploy-exp/lgb_search/models/LightGBM/T26/model.pkl
Loading: ./auto_gl/ToN-iot-oversample/deploy-exp/lgb_search/models/LightGBM/dataset_train.pkl
Loading: ./auto_gl/ToN-iot-oversample/deploy-exp/lgb_search/models/LightGBM/dataset_val.pkl
	Fitting LightGBM/T27 with 'num_gpus': 0, 'num_cpus': 8
	Fitting 100 rounds... Hyperparameters: {'learning_rate': 0.04042960750241689, 'num_leaves': 53, 'feature_fraction': 0.923118029842505, 'min_data_in_leaf': 19}
Saving ./auto_gl/ToN-iot-oversample/deploy-exp/lgb_search/models/LightGBM/T27/model.pkl
Loading: ./auto_gl/ToN-iot-oversample/deploy-exp/lgb_search/models/LightGBM/dataset_train.pkl
Loading: ./auto_gl/ToN-iot-oversample/deploy-exp/lgb_search/models/LightGBM/dataset_val.pkl
	Fitting LightGBM/T28 with 'num_gpus': 0, 'num_cpus': 8
	Fitting 100 rounds... Hyperparameters: {'learning_rate': 0.14952704729658617, 'num_leaves': 36, 'feature_fraction': 0.9791807385048652, 'min_data_in_leaf': 38}
Saving ./auto_gl/ToN-iot-oversample/deploy-exp/lgb_search/models/LightGBM/T28/model.pkl
Loading: ./auto_gl/ToN-iot-oversample/deploy-exp/lgb_search/models/LightGBM/dataset_train.pkl
Loading: ./auto_gl/ToN-iot-oversample/deploy-exp/lgb_search/models/LightGBM/dataset_val.pkl
	Fitting LightGBM/T29 with 'num_gpus': 0, 'num_cpus': 8
	Fitting 100 rounds... Hyperparameters: {'learning_rate': 0.005175591689431428, 'num_leaves': 42, 'feature_fraction': 0.8194296403202581, 'min_data_in_leaf': 4}
Saving ./auto_gl/ToN-iot-oversample/deploy-exp/lgb_search/models/LightGBM/T29/model.pkl
Loading: ./auto_gl/ToN-iot-oversample/deploy-exp/lgb_search/models/LightGBM/dataset_train.pkl
Loading: ./auto_gl/ToN-iot-oversample/deploy-exp/lgb_search/models/LightGBM/dataset_val.pkl
	Fitting LightGBM/T30 with 'num_gpus': 0, 'num_cpus': 8
	Fitting 100 rounds... Hyperparameters: {'learning_rate': 0.014541724989743212, 'num_leaves': 66, 'feature_fraction': 0.9290818010296413, 'min_data_in_leaf': 21}
Saving ./auto_gl/ToN-iot-oversample/deploy-exp/lgb_search/models/LightGBM/T30/model.pkl
Loading: ./auto_gl/ToN-iot-oversample/deploy-exp/lgb_search/models/LightGBM/dataset_train.pkl
Loading: ./auto_gl/ToN-iot-oversample/deploy-exp/lgb_search/models/LightGBM/dataset_val.pkl
	Fitting LightGBM/T31 with 'num_gpus': 0, 'num_cpus': 8
	Fitting 100 rounds... Hyperparameters: {'learning_rate': 0.008581802063777072, 'num_leaves': 29, 'feature_fraction': 0.842452023187085, 'min_data_in_leaf': 4}
Saving ./auto_gl/ToN-iot-oversample/deploy-exp/lgb_search/models/LightGBM/T31/model.pkl
Loading: ./auto_gl/ToN-iot-oversample/deploy-exp/lgb_search/models/LightGBM/dataset_train.pkl
Loading: ./auto_gl/ToN-iot-oversample/deploy-exp/lgb_search/models/LightGBM/dataset_val.pkl
	Fitting LightGBM/T32 with 'num_gpus': 0, 'num_cpus': 8
	Fitting 100 rounds... Hyperparameters: {'learning_rate': 0.014491941177462076, 'num_leaves': 66, 'feature_fraction': 0.9259343198224791, 'min_data_in_leaf': 50}
Saving ./auto_gl/ToN-iot-oversample/deploy-exp/lgb_search/models/LightGBM/T32/model.pkl
Loading: ./auto_gl/ToN-iot-oversample/deploy-exp/lgb_search/models/LightGBM/dataset_train.pkl
Loading: ./auto_gl/ToN-iot-oversample/deploy-exp/lgb_search/models/LightGBM/dataset_val.pkl
	Fitting LightGBM/T33 with 'num_gpus': 0, 'num_cpus': 8
	Fitting 100 rounds... Hyperparameters: {'learning_rate': 0.021554760616978693, 'num_leaves': 28, 'feature_fraction': 0.9390266734662602, 'min_data_in_leaf': 28}
Saving ./auto_gl/ToN-iot-oversample/deploy-exp/lgb_search/models/LightGBM/T33/model.pkl
Loading: ./auto_gl/ToN-iot-oversample/deploy-exp/lgb_search/models/LightGBM/dataset_train.pkl
Loading: ./auto_gl/ToN-iot-oversample/deploy-exp/lgb_search/models/LightGBM/dataset_val.pkl
	Fitting LightGBM/T34 with 'num_gpus': 0, 'num_cpus': 8
	Fitting 100 rounds... Hyperparameters: {'learning_rate': 0.13405829707481565, 'num_leaves': 58, 'feature_fraction': 0.9097302690578282, 'min_data_in_leaf': 16}
Saving ./auto_gl/ToN-iot-oversample/deploy-exp/lgb_search/models/LightGBM/T34/model.pkl
Loading: ./auto_gl/ToN-iot-oversample/deploy-exp/lgb_search/models/LightGBM/dataset_train.pkl
Loading: ./auto_gl/ToN-iot-oversample/deploy-exp/lgb_search/models/LightGBM/dataset_val.pkl
	Fitting LightGBM/T35 with 'num_gpus': 0, 'num_cpus': 8
	Fitting 100 rounds... Hyperparameters: {'learning_rate': 0.06600514144877578, 'num_leaves': 39, 'feature_fraction': 0.961602168117782, 'min_data_in_leaf': 24}
Saving ./auto_gl/ToN-iot-oversample/deploy-exp/lgb_search/models/LightGBM/T35/model.pkl
Loading: ./auto_gl/ToN-iot-oversample/deploy-exp/lgb_search/models/LightGBM/dataset_train.pkl
Loading: ./auto_gl/ToN-iot-oversample/deploy-exp/lgb_search/models/LightGBM/dataset_val.pkl
	Fitting LightGBM/T36 with 'num_gpus': 0, 'num_cpus': 8
	Fitting 100 rounds... Hyperparameters: {'learning_rate': 0.06040375437764251, 'num_leaves': 50, 'feature_fraction': 0.8529550347412111, 'min_data_in_leaf': 18}
Saving ./auto_gl/ToN-iot-oversample/deploy-exp/lgb_search/models/LightGBM/T36/model.pkl
Loading: ./auto_gl/ToN-iot-oversample/deploy-exp/lgb_search/models/LightGBM/dataset_train.pkl
Loading: ./auto_gl/ToN-iot-oversample/deploy-exp/lgb_search/models/LightGBM/dataset_val.pkl
	Fitting LightGBM/T37 with 'num_gpus': 0, 'num_cpus': 8
	Fitting 100 rounds... Hyperparameters: {'learning_rate': 0.17604540997461565, 'num_leaves': 45, 'feature_fraction': 0.8283045829864877, 'min_data_in_leaf': 18}
Saving ./auto_gl/ToN-iot-oversample/deploy-exp/lgb_search/models/LightGBM/T37/model.pkl
Loading: ./auto_gl/ToN-iot-oversample/deploy-exp/lgb_search/models/LightGBM/dataset_train.pkl
Loading: ./auto_gl/ToN-iot-oversample/deploy-exp/lgb_search/models/LightGBM/dataset_val.pkl
	Fitting LightGBM/T38 with 'num_gpus': 0, 'num_cpus': 8
	Fitting 100 rounds... Hyperparameters: {'learning_rate': 0.02387872971470269, 'num_leaves': 32, 'feature_fraction': 0.9109975498074093, 'min_data_in_leaf': 59}
Saving ./auto_gl/ToN-iot-oversample/deploy-exp/lgb_search/models/LightGBM/T38/model.pkl
Loading: ./auto_gl/ToN-iot-oversample/deploy-exp/lgb_search/models/LightGBM/dataset_train.pkl
Loading: ./auto_gl/ToN-iot-oversample/deploy-exp/lgb_search/models/LightGBM/dataset_val.pkl
	Fitting LightGBM/T39 with 'num_gpus': 0, 'num_cpus': 8
	Fitting 100 rounds... Hyperparameters: {'learning_rate': 0.05709625404189839, 'num_leaves': 50, 'feature_fraction': 0.8253937041686373, 'min_data_in_leaf': 58}
Saving ./auto_gl/ToN-iot-oversample/deploy-exp/lgb_search/models/LightGBM/T39/model.pkl
Loading: ./auto_gl/ToN-iot-oversample/deploy-exp/lgb_search/models/LightGBM/dataset_train.pkl
Loading: ./auto_gl/ToN-iot-oversample/deploy-exp/lgb_search/models/LightGBM/dataset_val.pkl
	Fitting LightGBM/T40 with 'num_gpus': 0, 'num_cpus': 8
	Fitting 100 rounds... Hyperparameters: {'learning_rate': 0.024315498950482947, 'num_leaves': 41, 'feature_fraction': 0.9045038572497104, 'min_data_in_leaf': 56}
Saving ./auto_gl/ToN-iot-oversample/deploy-exp/lgb_search/models/LightGBM/T40/model.pkl
Loading: ./auto_gl/ToN-iot-oversample/deploy-exp/lgb_search/models/LightGBM/dataset_train.pkl
Loading: ./auto_gl/ToN-iot-oversample/deploy-exp/lgb_search/models/LightGBM/dataset_val.pkl
	Fitting LightGBM/T41 with 'num_gpus': 0, 'num_cpus': 8
	Fitting 100 rounds... Hyperparameters: {'learning_rate': 0.040934358072902785, 'num_leaves': 27, 'feature_fraction': 0.8245705814890076, 'min_data_in_leaf': 59}
Saving ./auto_gl/ToN-iot-oversample/deploy-exp/lgb_search/models/LightGBM/T41/model.pkl
Loading: ./auto_gl/ToN-iot-oversample/deploy-exp/lgb_search/models/LightGBM/dataset_train.pkl
Loading: ./auto_gl/ToN-iot-oversample/deploy-exp/lgb_search/models/LightGBM/dataset_val.pkl
	Fitting LightGBM/T42 with 'num_gpus': 0, 'num_cpus': 8
	Fitting 100 rounds... Hyperparameters: {'learning_rate': 0.055646378332038914, 'num_leaves': 29, 'feature_fraction': 0.8935813122123947, 'min_data_in_leaf': 26}
Saving ./auto_gl/ToN-iot-oversample/deploy-exp/lgb_search/models/LightGBM/T42/model.pkl
Loading: ./auto_gl/ToN-iot-oversample/deploy-exp/lgb_search/models/LightGBM/dataset_train.pkl
Loading: ./auto_gl/ToN-iot-oversample/deploy-exp/lgb_search/models/LightGBM/dataset_val.pkl
	Fitting LightGBM/T43 with 'num_gpus': 0, 'num_cpus': 8
	Fitting 100 rounds... Hyperparameters: {'learning_rate': 0.008419440936193158, 'num_leaves': 64, 'feature_fraction': 0.8053156712959457, 'min_data_in_leaf': 14}
Saving ./auto_gl/ToN-iot-oversample/deploy-exp/lgb_search/models/LightGBM/T43/model.pkl
Loading: ./auto_gl/ToN-iot-oversample/deploy-exp/lgb_search/models/LightGBM/dataset_train.pkl
Loading: ./auto_gl/ToN-iot-oversample/deploy-exp/lgb_search/models/LightGBM/dataset_val.pkl
	Fitting LightGBM/T44 with 'num_gpus': 0, 'num_cpus': 8
	Fitting 100 rounds... Hyperparameters: {'learning_rate': 0.013063266550253663, 'num_leaves': 49, 'feature_fraction': 0.9960105603410366, 'min_data_in_leaf': 7}
Saving ./auto_gl/ToN-iot-oversample/deploy-exp/lgb_search/models/LightGBM/T44/model.pkl
Loading: ./auto_gl/ToN-iot-oversample/deploy-exp/lgb_search/models/LightGBM/dataset_train.pkl
Loading: ./auto_gl/ToN-iot-oversample/deploy-exp/lgb_search/models/LightGBM/dataset_val.pkl
	Fitting LightGBM/T45 with 'num_gpus': 0, 'num_cpus': 8
	Fitting 100 rounds... Hyperparameters: {'learning_rate': 0.007219143228999813, 'num_leaves': 36, 'feature_fraction': 0.8619815429676825, 'min_data_in_leaf': 22}
Saving ./auto_gl/ToN-iot-oversample/deploy-exp/lgb_search/models/LightGBM/T45/model.pkl
Loading: ./auto_gl/ToN-iot-oversample/deploy-exp/lgb_search/models/LightGBM/dataset_train.pkl
Loading: ./auto_gl/ToN-iot-oversample/deploy-exp/lgb_search/models/LightGBM/dataset_val.pkl
	Fitting LightGBM/T46 with 'num_gpus': 0, 'num_cpus': 8
	Fitting 100 rounds... Hyperparameters: {'learning_rate': 0.11130814711863993, 'num_leaves': 66, 'feature_fraction': 0.8673122934975606, 'min_data_in_leaf': 30}
Saving ./auto_gl/ToN-iot-oversample/deploy-exp/lgb_search/models/LightGBM/T46/model.pkl
Loading: ./auto_gl/ToN-iot-oversample/deploy-exp/lgb_search/models/LightGBM/dataset_train.pkl
Loading: ./auto_gl/ToN-iot-oversample/deploy-exp/lgb_search/models/LightGBM/dataset_val.pkl
	Fitting LightGBM/T47 with 'num_gpus': 0, 'num_cpus': 8
	Fitting 100 rounds... Hyperparameters: {'learning_rate': 0.048432106048021374, 'num_leaves': 46, 'feature_fraction': 0.7906232336690937, 'min_data_in_leaf': 25}
Saving ./auto_gl/ToN-iot-oversample/deploy-exp/lgb_search/models/LightGBM/T47/model.pkl
Loading: ./auto_gl/ToN-iot-oversample/deploy-exp/lgb_search/models/LightGBM/dataset_train.pkl
Loading: ./auto_gl/ToN-iot-oversample/deploy-exp/lgb_search/models/LightGBM/dataset_val.pkl
	Fitting LightGBM/T48 with 'num_gpus': 0, 'num_cpus': 8
	Fitting 100 rounds... Hyperparameters: {'learning_rate': 0.008379430118247743, 'num_leaves': 35, 'feature_fraction': 0.8528491809388636, 'min_data_in_leaf': 41}
Saving ./auto_gl/ToN-iot-oversample/deploy-exp/lgb_search/models/LightGBM/T48/model.pkl
Loading: ./auto_gl/ToN-iot-oversample/deploy-exp/lgb_search/models/LightGBM/dataset_train.pkl
Loading: ./auto_gl/ToN-iot-oversample/deploy-exp/lgb_search/models/LightGBM/dataset_val.pkl
	Fitting LightGBM/T49 with 'num_gpus': 0, 'num_cpus': 8
	Fitting 100 rounds... Hyperparameters: {'learning_rate': 0.019815461036347858, 'num_leaves': 52, 'feature_fraction': 0.9956437399562984, 'min_data_in_leaf': 48}
Saving ./auto_gl/ToN-iot-oversample/deploy-exp/lgb_search/models/LightGBM/T49/model.pkl
Loading: ./auto_gl/ToN-iot-oversample/deploy-exp/lgb_search/models/LightGBM/dataset_train.pkl
Loading: ./auto_gl/ToN-iot-oversample/deploy-exp/lgb_search/models/LightGBM/dataset_val.pkl
	Fitting LightGBM/T50 with 'num_gpus': 0, 'num_cpus': 8
	Fitting 100 rounds... Hyperparameters: {'learning_rate': 0.01925381050368187, 'num_leaves': 36, 'feature_fraction': 0.7626470287635593, 'min_data_in_leaf': 11}
Saving ./auto_gl/ToN-iot-oversample/deploy-exp/lgb_search/models/LightGBM/T50/model.pkl
Time for LightGBM model HPO: 62.69551706314087
Best hyperparameter configuration for LightGBM model: 
{'learning_rate': 0.103335706015396, 'num_boost_round': 100, 'num_leaves': 62, 'feature_fraction': 0.842181292665241, 'min_data_in_leaf': 2}
Loading: ./auto_gl/ToN-iot-oversample/deploy-exp/lgb_search/models/LightGBM/T1/model.pkl
Fitted model: LightGBM/T1 ...
	0.9998	 = Validation score   (roc_auc)
	1.17s	 = Training   runtime
	0.01s	 = Validation runtime
Loading: ./auto_gl/ToN-iot-oversample/deploy-exp/lgb_search/models/LightGBM/T2/model.pkl
Fitted model: LightGBM/T2 ...
	0.9998	 = Validation score   (roc_auc)
	1.15s	 = Training   runtime
	0.01s	 = Validation runtime
Loading: ./auto_gl/ToN-iot-oversample/deploy-exp/lgb_search/models/LightGBM/T3/model.pkl
Fitted model: LightGBM/T3 ...
	0.9999	 = Validation score   (roc_auc)
	1.24s	 = Training   runtime
	0.01s	 = Validation runtime
Loading: ./auto_gl/ToN-iot-oversample/deploy-exp/lgb_search/models/LightGBM/T4/model.pkl
Fitted model: LightGBM/T4 ...
	0.9982	 = Validation score   (roc_auc)
	1.02s	 = Training   runtime
	0.0s	 = Validation runtime
Loading: ./auto_gl/ToN-iot-oversample/deploy-exp/lgb_search/models/LightGBM/T5/model.pkl
Fitted model: LightGBM/T5 ...
	0.9997	 = Validation score   (roc_auc)
	1.15s	 = Training   runtime
	0.01s	 = Validation runtime
Loading: ./auto_gl/ToN-iot-oversample/deploy-exp/lgb_search/models/LightGBM/T6/model.pkl
Fitted model: LightGBM/T6 ...
	0.9976	 = Validation score   (roc_auc)
	1.12s	 = Training   runtime
	0.01s	 = Validation runtime
Loading: ./auto_gl/ToN-iot-oversample/deploy-exp/lgb_search/models/LightGBM/T7/model.pkl
Fitted model: LightGBM/T7 ...
	0.9998	 = Validation score   (roc_auc)
	1.07s	 = Training   runtime
	0.01s	 = Validation runtime
Loading: ./auto_gl/ToN-iot-oversample/deploy-exp/lgb_search/models/LightGBM/T8/model.pkl
Fitted model: LightGBM/T8 ...
	0.9999	 = Validation score   (roc_auc)
	1.19s	 = Training   runtime
	0.01s	 = Validation runtime
Loading: ./auto_gl/ToN-iot-oversample/deploy-exp/lgb_search/models/LightGBM/T9/model.pkl
Fitted model: LightGBM/T9 ...
	0.9976	 = Validation score   (roc_auc)
	1.21s	 = Training   runtime
	0.0s	 = Validation runtime
Loading: ./auto_gl/ToN-iot-oversample/deploy-exp/lgb_search/models/LightGBM/T10/model.pkl
Fitted model: LightGBM/T10 ...
	1.0	 = Validation score   (roc_auc)
	1.09s	 = Training   runtime
	0.01s	 = Validation runtime
Loading: ./auto_gl/ToN-iot-oversample/deploy-exp/lgb_search/models/LightGBM/T11/model.pkl
Fitted model: LightGBM/T11 ...
	0.9991	 = Validation score   (roc_auc)
	1.17s	 = Training   runtime
	0.01s	 = Validation runtime
Loading: ./auto_gl/ToN-iot-oversample/deploy-exp/lgb_search/models/LightGBM/T12/model.pkl
Fitted model: LightGBM/T12 ...
	0.9978	 = Validation score   (roc_auc)
	1.04s	 = Training   runtime
	0.01s	 = Validation runtime
Loading: ./auto_gl/ToN-iot-oversample/deploy-exp/lgb_search/models/LightGBM/T13/model.pkl
Fitted model: LightGBM/T13 ...
	0.9996	 = Validation score   (roc_auc)
	1.13s	 = Training   runtime
	0.01s	 = Validation runtime
Loading: ./auto_gl/ToN-iot-oversample/deploy-exp/lgb_search/models/LightGBM/T14/model.pkl
Fitted model: LightGBM/T14 ...
	0.9982	 = Validation score   (roc_auc)
	1.04s	 = Training   runtime
	0.01s	 = Validation runtime
Loading: ./auto_gl/ToN-iot-oversample/deploy-exp/lgb_search/models/LightGBM/T15/model.pkl
Fitted model: LightGBM/T15 ...
	0.9988	 = Validation score   (roc_auc)
	1.22s	 = Training   runtime
	0.01s	 = Validation runtime
Loading: ./auto_gl/ToN-iot-oversample/deploy-exp/lgb_search/models/LightGBM/T16/model.pkl
Fitted model: LightGBM/T16 ...
	0.9977	 = Validation score   (roc_auc)
	1.05s	 = Training   runtime
	0.0s	 = Validation runtime
Loading: ./auto_gl/ToN-iot-oversample/deploy-exp/lgb_search/models/LightGBM/T17/model.pkl
Fitted model: LightGBM/T17 ...
	0.9992	 = Validation score   (roc_auc)
	1.22s	 = Training   runtime
	0.01s	 = Validation runtime
Loading: ./auto_gl/ToN-iot-oversample/deploy-exp/lgb_search/models/LightGBM/T18/model.pkl
Fitted model: LightGBM/T18 ...
	0.9999	 = Validation score   (roc_auc)
	1.08s	 = Training   runtime
	0.01s	 = Validation runtime
Loading: ./auto_gl/ToN-iot-oversample/deploy-exp/lgb_search/models/LightGBM/T19/model.pkl
Fitted model: LightGBM/T19 ...
	0.9997	 = Validation score   (roc_auc)
	1.17s	 = Training   runtime
	0.01s	 = Validation runtime
Loading: ./auto_gl/ToN-iot-oversample/deploy-exp/lgb_search/models/LightGBM/T20/model.pkl
Fitted model: LightGBM/T20 ...
	0.9998	 = Validation score   (roc_auc)
	1.11s	 = Training   runtime
	0.01s	 = Validation runtime
Loading: ./auto_gl/ToN-iot-oversample/deploy-exp/lgb_search/models/LightGBM/T21/model.pkl
Fitted model: LightGBM/T21 ...
	0.9992	 = Validation score   (roc_auc)
	1.23s	 = Training   runtime
	0.01s	 = Validation runtime
Loading: ./auto_gl/ToN-iot-oversample/deploy-exp/lgb_search/models/LightGBM/T22/model.pkl
Fitted model: LightGBM/T22 ...
	1.0	 = Validation score   (roc_auc)
	1.24s	 = Training   runtime
	0.01s	 = Validation runtime
Loading: ./auto_gl/ToN-iot-oversample/deploy-exp/lgb_search/models/LightGBM/T23/model.pkl
Fitted model: LightGBM/T23 ...
	0.9999	 = Validation score   (roc_auc)
	1.12s	 = Training   runtime
	0.01s	 = Validation runtime
Loading: ./auto_gl/ToN-iot-oversample/deploy-exp/lgb_search/models/LightGBM/T24/model.pkl
Fitted model: LightGBM/T24 ...
	0.9993	 = Validation score   (roc_auc)
	1.16s	 = Training   runtime
	0.01s	 = Validation runtime
Loading: ./auto_gl/ToN-iot-oversample/deploy-exp/lgb_search/models/LightGBM/T25/model.pkl
Fitted model: LightGBM/T25 ...
	0.9983	 = Validation score   (roc_auc)
	1.05s	 = Training   runtime
	0.01s	 = Validation runtime
Loading: ./auto_gl/ToN-iot-oversample/deploy-exp/lgb_search/models/LightGBM/T26/model.pkl
Fitted model: LightGBM/T26 ...
	0.9999	 = Validation score   (roc_auc)
	1.07s	 = Training   runtime
	0.01s	 = Validation runtime
Loading: ./auto_gl/ToN-iot-oversample/deploy-exp/lgb_search/models/LightGBM/T27/model.pkl
Fitted model: LightGBM/T27 ...
	0.9998	 = Validation score   (roc_auc)
	1.22s	 = Training   runtime
	0.01s	 = Validation runtime
Loading: ./auto_gl/ToN-iot-oversample/deploy-exp/lgb_search/models/LightGBM/T28/model.pkl
Fitted model: LightGBM/T28 ...
	0.9999	 = Validation score   (roc_auc)
	1.12s	 = Training   runtime
	0.01s	 = Validation runtime
Loading: ./auto_gl/ToN-iot-oversample/deploy-exp/lgb_search/models/LightGBM/T29/model.pkl
Fitted model: LightGBM/T29 ...
	0.9986	 = Validation score   (roc_auc)
	1.12s	 = Training   runtime
	0.01s	 = Validation runtime
Loading: ./auto_gl/ToN-iot-oversample/deploy-exp/lgb_search/models/LightGBM/T30/model.pkl
Fitted model: LightGBM/T30 ...
	0.9992	 = Validation score   (roc_auc)
	1.2s	 = Training   runtime
	0.01s	 = Validation runtime
Loading: ./auto_gl/ToN-iot-oversample/deploy-exp/lgb_search/models/LightGBM/T31/model.pkl
Fitted model: LightGBM/T31 ...
	0.9981	 = Validation score   (roc_auc)
	1.08s	 = Training   runtime
	0.01s	 = Validation runtime
Loading: ./auto_gl/ToN-iot-oversample/deploy-exp/lgb_search/models/LightGBM/T32/model.pkl
Fitted model: LightGBM/T32 ...
	0.9992	 = Validation score   (roc_auc)
	1.21s	 = Training   runtime
	0.01s	 = Validation runtime
Loading: ./auto_gl/ToN-iot-oversample/deploy-exp/lgb_search/models/LightGBM/T33/model.pkl
Fitted model: LightGBM/T33 ...
	0.9982	 = Validation score   (roc_auc)
	1.11s	 = Training   runtime
	0.01s	 = Validation runtime
Loading: ./auto_gl/ToN-iot-oversample/deploy-exp/lgb_search/models/LightGBM/T34/model.pkl
Fitted model: LightGBM/T34 ...
	1.0	 = Validation score   (roc_auc)
	1.19s	 = Training   runtime
	0.01s	 = Validation runtime
Loading: ./auto_gl/ToN-iot-oversample/deploy-exp/lgb_search/models/LightGBM/T35/model.pkl
Fitted model: LightGBM/T35 ...
	0.9998	 = Validation score   (roc_auc)
	1.16s	 = Training   runtime
	0.01s	 = Validation runtime
Loading: ./auto_gl/ToN-iot-oversample/deploy-exp/lgb_search/models/LightGBM/T36/model.pkl
Fitted model: LightGBM/T36 ...
	0.9999	 = Validation score   (roc_auc)
	1.19s	 = Training   runtime
	0.01s	 = Validation runtime
Loading: ./auto_gl/ToN-iot-oversample/deploy-exp/lgb_search/models/LightGBM/T37/model.pkl
Fitted model: LightGBM/T37 ...
	1.0	 = Validation score   (roc_auc)
	1.16s	 = Training   runtime
	0.02s	 = Validation runtime
Loading: ./auto_gl/ToN-iot-oversample/deploy-exp/lgb_search/models/LightGBM/T38/model.pkl
Fitted model: LightGBM/T38 ...
	0.9988	 = Validation score   (roc_auc)
	1.1s	 = Training   runtime
	0.01s	 = Validation runtime
Loading: ./auto_gl/ToN-iot-oversample/deploy-exp/lgb_search/models/LightGBM/T39/model.pkl
Fitted model: LightGBM/T39 ...
	0.9999	 = Validation score   (roc_auc)
	1.21s	 = Training   runtime
	0.01s	 = Validation runtime
Loading: ./auto_gl/ToN-iot-oversample/deploy-exp/lgb_search/models/LightGBM/T40/model.pkl
Fitted model: LightGBM/T40 ...
	0.9991	 = Validation score   (roc_auc)
	1.15s	 = Training   runtime
	0.01s	 = Validation runtime
Loading: ./auto_gl/ToN-iot-oversample/deploy-exp/lgb_search/models/LightGBM/T41/model.pkl
Fitted model: LightGBM/T41 ...
	0.9994	 = Validation score   (roc_auc)
	1.16s	 = Training   runtime
	0.02s	 = Validation runtime
Loading: ./auto_gl/ToN-iot-oversample/deploy-exp/lgb_search/models/LightGBM/T42/model.pkl
Fitted model: LightGBM/T42 ...
	0.9997	 = Validation score   (roc_auc)
	1.15s	 = Training   runtime
	0.01s	 = Validation runtime
Loading: ./auto_gl/ToN-iot-oversample/deploy-exp/lgb_search/models/LightGBM/T43/model.pkl
Fitted model: LightGBM/T43 ...
	0.9992	 = Validation score   (roc_auc)
	1.29s	 = Training   runtime
	0.02s	 = Validation runtime
Loading: ./auto_gl/ToN-iot-oversample/deploy-exp/lgb_search/models/LightGBM/T44/model.pkl
Fitted model: LightGBM/T44 ...
	0.9981	 = Validation score   (roc_auc)
	1.28s	 = Training   runtime
	0.01s	 = Validation runtime
Loading: ./auto_gl/ToN-iot-oversample/deploy-exp/lgb_search/models/LightGBM/T45/model.pkl
Fitted model: LightGBM/T45 ...
	0.9984	 = Validation score   (roc_auc)
	1.17s	 = Training   runtime
	0.01s	 = Validation runtime
Loading: ./auto_gl/ToN-iot-oversample/deploy-exp/lgb_search/models/LightGBM/T46/model.pkl
Fitted model: LightGBM/T46 ...
	1.0	 = Validation score   (roc_auc)
	1.39s	 = Training   runtime
	0.01s	 = Validation runtime
Loading: ./auto_gl/ToN-iot-oversample/deploy-exp/lgb_search/models/LightGBM/T47/model.pkl
Fitted model: LightGBM/T47 ...
	0.9998	 = Validation score   (roc_auc)
	1.27s	 = Training   runtime
	0.01s	 = Validation runtime
Loading: ./auto_gl/ToN-iot-oversample/deploy-exp/lgb_search/models/LightGBM/T48/model.pkl
Fitted model: LightGBM/T48 ...
	0.9983	 = Validation score   (roc_auc)
	1.24s	 = Training   runtime
	0.02s	 = Validation runtime
Loading: ./auto_gl/ToN-iot-oversample/deploy-exp/lgb_search/models/LightGBM/T49/model.pkl
Fitted model: LightGBM/T49 ...
	0.9992	 = Validation score   (roc_auc)
	1.31s	 = Training   runtime
	0.01s	 = Validation runtime
Loading: ./auto_gl/ToN-iot-oversample/deploy-exp/lgb_search/models/LightGBM/T50/model.pkl
Fitted model: LightGBM/T50 ...
	0.9989	 = Validation score   (roc_auc)
	1.15s	 = Training   runtime
	0.01s	 = Validation runtime
Saving ./auto_gl/ToN-iot-oversample/deploy-exp/lgb_search/models/trainer.pkl
Loading: ./auto_gl/ToN-iot-oversample/deploy-exp/lgb_search/models/LightGBM/T1/model.pkl
Loading: ./auto_gl/ToN-iot-oversample/deploy-exp/lgb_search/models/LightGBM/T10/model.pkl
Loading: ./auto_gl/ToN-iot-oversample/deploy-exp/lgb_search/models/LightGBM/T11/model.pkl
Loading: ./auto_gl/ToN-iot-oversample/deploy-exp/lgb_search/models/LightGBM/T12/model.pkl
Loading: ./auto_gl/ToN-iot-oversample/deploy-exp/lgb_search/models/LightGBM/T13/model.pkl
Loading: ./auto_gl/ToN-iot-oversample/deploy-exp/lgb_search/models/LightGBM/T14/model.pkl
Loading: ./auto_gl/ToN-iot-oversample/deploy-exp/lgb_search/models/LightGBM/T15/model.pkl
Loading: ./auto_gl/ToN-iot-oversample/deploy-exp/lgb_search/models/LightGBM/T16/model.pkl
Loading: ./auto_gl/ToN-iot-oversample/deploy-exp/lgb_search/models/LightGBM/T17/model.pkl
Loading: ./auto_gl/ToN-iot-oversample/deploy-exp/lgb_search/models/LightGBM/T18/model.pkl
Loading: ./auto_gl/ToN-iot-oversample/deploy-exp/lgb_search/models/LightGBM/T19/model.pkl
Loading: ./auto_gl/ToN-iot-oversample/deploy-exp/lgb_search/models/LightGBM/T2/model.pkl
Loading: ./auto_gl/ToN-iot-oversample/deploy-exp/lgb_search/models/LightGBM/T20/model.pkl
Loading: ./auto_gl/ToN-iot-oversample/deploy-exp/lgb_search/models/LightGBM/T21/model.pkl
Loading: ./auto_gl/ToN-iot-oversample/deploy-exp/lgb_search/models/LightGBM/T22/model.pkl
Loading: ./auto_gl/ToN-iot-oversample/deploy-exp/lgb_search/models/LightGBM/T23/model.pkl
Loading: ./auto_gl/ToN-iot-oversample/deploy-exp/lgb_search/models/LightGBM/T24/model.pkl
Loading: ./auto_gl/ToN-iot-oversample/deploy-exp/lgb_search/models/LightGBM/T25/model.pkl
Loading: ./auto_gl/ToN-iot-oversample/deploy-exp/lgb_search/models/LightGBM/T26/model.pkl
Loading: ./auto_gl/ToN-iot-oversample/deploy-exp/lgb_search/models/LightGBM/T27/model.pkl
Loading: ./auto_gl/ToN-iot-oversample/deploy-exp/lgb_search/models/LightGBM/T28/model.pkl
Loading: ./auto_gl/ToN-iot-oversample/deploy-exp/lgb_search/models/LightGBM/T29/model.pkl
Loading: ./auto_gl/ToN-iot-oversample/deploy-exp/lgb_search/models/LightGBM/T3/model.pkl
Loading: ./auto_gl/ToN-iot-oversample/deploy-exp/lgb_search/models/LightGBM/T30/model.pkl
Loading: ./auto_gl/ToN-iot-oversample/deploy-exp/lgb_search/models/LightGBM/T31/model.pkl
Loading: ./auto_gl/ToN-iot-oversample/deploy-exp/lgb_search/models/LightGBM/T32/model.pkl
Loading: ./auto_gl/ToN-iot-oversample/deploy-exp/lgb_search/models/LightGBM/T33/model.pkl
Loading: ./auto_gl/ToN-iot-oversample/deploy-exp/lgb_search/models/LightGBM/T34/model.pkl
Loading: ./auto_gl/ToN-iot-oversample/deploy-exp/lgb_search/models/LightGBM/T35/model.pkl
Loading: ./auto_gl/ToN-iot-oversample/deploy-exp/lgb_search/models/LightGBM/T36/model.pkl
Loading: ./auto_gl/ToN-iot-oversample/deploy-exp/lgb_search/models/LightGBM/T37/model.pkl
Loading: ./auto_gl/ToN-iot-oversample/deploy-exp/lgb_search/models/LightGBM/T38/model.pkl
Loading: ./auto_gl/ToN-iot-oversample/deploy-exp/lgb_search/models/LightGBM/T39/model.pkl
Loading: ./auto_gl/ToN-iot-oversample/deploy-exp/lgb_search/models/LightGBM/T4/model.pkl
Loading: ./auto_gl/ToN-iot-oversample/deploy-exp/lgb_search/models/LightGBM/T40/model.pkl
Loading: ./auto_gl/ToN-iot-oversample/deploy-exp/lgb_search/models/LightGBM/T41/model.pkl
Loading: ./auto_gl/ToN-iot-oversample/deploy-exp/lgb_search/models/LightGBM/T42/model.pkl
Loading: ./auto_gl/ToN-iot-oversample/deploy-exp/lgb_search/models/LightGBM/T43/model.pkl
Loading: ./auto_gl/ToN-iot-oversample/deploy-exp/lgb_search/models/LightGBM/T44/model.pkl
Loading: ./auto_gl/ToN-iot-oversample/deploy-exp/lgb_search/models/LightGBM/T45/model.pkl
Loading: ./auto_gl/ToN-iot-oversample/deploy-exp/lgb_search/models/LightGBM/T46/model.pkl
Loading: ./auto_gl/ToN-iot-oversample/deploy-exp/lgb_search/models/LightGBM/T47/model.pkl
Loading: ./auto_gl/ToN-iot-oversample/deploy-exp/lgb_search/models/LightGBM/T48/model.pkl
Loading: ./auto_gl/ToN-iot-oversample/deploy-exp/lgb_search/models/LightGBM/T49/model.pkl
Loading: ./auto_gl/ToN-iot-oversample/deploy-exp/lgb_search/models/LightGBM/T5/model.pkl
Loading: ./auto_gl/ToN-iot-oversample/deploy-exp/lgb_search/models/LightGBM/T50/model.pkl
Loading: ./auto_gl/ToN-iot-oversample/deploy-exp/lgb_search/models/LightGBM/T6/model.pkl
Loading: ./auto_gl/ToN-iot-oversample/deploy-exp/lgb_search/models/LightGBM/T7/model.pkl
Loading: ./auto_gl/ToN-iot-oversample/deploy-exp/lgb_search/models/LightGBM/T8/model.pkl
Loading: ./auto_gl/ToN-iot-oversample/deploy-exp/lgb_search/models/LightGBM/T9/model.pkl
Model configs that will be trained (in order):
	WeightedEnsemble_L2: 	{'ag_args': {'valid_base': False, 'name_bag_suffix': '', 'model_type': <class 'autogluon.core.models.greedy_ensemble.greedy_weighted_ensemble_model.GreedyWeightedEnsembleModel'>, 'priority': 0}, 'ag_args_ensemble': {'save_bag_folds': True}}
Fitting model: WeightedEnsemble_L2 ... Training model for up to 3599.82s of the 35933.55s of remaining time.
Saving ./auto_gl/ToN-iot-oversample/deploy-exp/lgb_search/models/WeightedEnsemble_L2/utils/model_template.pkl
Loading: ./auto_gl/ToN-iot-oversample/deploy-exp/lgb_search/models/WeightedEnsemble_L2/utils/model_template.pkl
	Fitting S1F1 with 'num_gpus': 0, 'num_cpus': 16
Ensemble size: 14
Ensemble weights: 
[0.         0.14285714 0.5        0.35714286 0.        ]
Saving ./auto_gl/ToN-iot-oversample/deploy-exp/lgb_search/models/WeightedEnsemble_L2/utils/oof.pkl
Saving ./auto_gl/ToN-iot-oversample/deploy-exp/lgb_search/models/WeightedEnsemble_L2/model.pkl
	1.0	 = Validation score   (roc_auc)
	1.0s	 = Training   runtime
	0.0s	 = Validation runtime
Saving ./auto_gl/ToN-iot-oversample/deploy-exp/lgb_search/models/trainer.pkl
Saving ./auto_gl/ToN-iot-oversample/deploy-exp/lgb_search/models/trainer.pkl
Saving ./auto_gl/ToN-iot-oversample/deploy-exp/lgb_search/models/trainer.pkl
AutoGluon training complete, total runtime = 68.26s ... Best model: "WeightedEnsemble_L2"
Loading: ./auto_gl/ToN-iot-oversample/deploy-exp/lgb_search/models/trainer.pkl
Loading: ./auto_gl/ToN-iot-oversample/deploy-exp/lgb_search/models/LightGBM/T1/model.pkl
Deleting model LightGBM/T1. All files under ./auto_gl/ToN-iot-oversample/deploy-exp/lgb_search/models/LightGBM/T1/ will be removed.
Loading: ./auto_gl/ToN-iot-oversample/deploy-exp/lgb_search/models/LightGBM/T2/model.pkl
Deleting model LightGBM/T2. All files under ./auto_gl/ToN-iot-oversample/deploy-exp/lgb_search/models/LightGBM/T2/ will be removed.
Loading: ./auto_gl/ToN-iot-oversample/deploy-exp/lgb_search/models/LightGBM/T3/model.pkl
Deleting model LightGBM/T3. All files under ./auto_gl/ToN-iot-oversample/deploy-exp/lgb_search/models/LightGBM/T3/ will be removed.
Loading: ./auto_gl/ToN-iot-oversample/deploy-exp/lgb_search/models/LightGBM/T4/model.pkl
Deleting model LightGBM/T4. All files under ./auto_gl/ToN-iot-oversample/deploy-exp/lgb_search/models/LightGBM/T4/ will be removed.
Loading: ./auto_gl/ToN-iot-oversample/deploy-exp/lgb_search/models/LightGBM/T5/model.pkl
Deleting model LightGBM/T5. All files under ./auto_gl/ToN-iot-oversample/deploy-exp/lgb_search/models/LightGBM/T5/ will be removed.
Loading: ./auto_gl/ToN-iot-oversample/deploy-exp/lgb_search/models/LightGBM/T6/model.pkl
Deleting model LightGBM/T6. All files under ./auto_gl/ToN-iot-oversample/deploy-exp/lgb_search/models/LightGBM/T6/ will be removed.
Loading: ./auto_gl/ToN-iot-oversample/deploy-exp/lgb_search/models/LightGBM/T7/model.pkl
Deleting model LightGBM/T7. All files under ./auto_gl/ToN-iot-oversample/deploy-exp/lgb_search/models/LightGBM/T7/ will be removed.
Loading: ./auto_gl/ToN-iot-oversample/deploy-exp/lgb_search/models/LightGBM/T8/model.pkl
Deleting model LightGBM/T8. All files under ./auto_gl/ToN-iot-oversample/deploy-exp/lgb_search/models/LightGBM/T8/ will be removed.
Loading: ./auto_gl/ToN-iot-oversample/deploy-exp/lgb_search/models/LightGBM/T9/model.pkl
Deleting model LightGBM/T9. All files under ./auto_gl/ToN-iot-oversample/deploy-exp/lgb_search/models/LightGBM/T9/ will be removed.
Loading: ./auto_gl/ToN-iot-oversample/deploy-exp/lgb_search/models/LightGBM/T10/model.pkl
Deleting model LightGBM/T10. All files under ./auto_gl/ToN-iot-oversample/deploy-exp/lgb_search/models/LightGBM/T10/ will be removed.
Loading: ./auto_gl/ToN-iot-oversample/deploy-exp/lgb_search/models/LightGBM/T11/model.pkl
Deleting model LightGBM/T11. All files under ./auto_gl/ToN-iot-oversample/deploy-exp/lgb_search/models/LightGBM/T11/ will be removed.
Loading: ./auto_gl/ToN-iot-oversample/deploy-exp/lgb_search/models/LightGBM/T12/model.pkl
Deleting model LightGBM/T12. All files under ./auto_gl/ToN-iot-oversample/deploy-exp/lgb_search/models/LightGBM/T12/ will be removed.
Loading: ./auto_gl/ToN-iot-oversample/deploy-exp/lgb_search/models/LightGBM/T13/model.pkl
Deleting model LightGBM/T13. All files under ./auto_gl/ToN-iot-oversample/deploy-exp/lgb_search/models/LightGBM/T13/ will be removed.
Loading: ./auto_gl/ToN-iot-oversample/deploy-exp/lgb_search/models/LightGBM/T14/model.pkl
Deleting model LightGBM/T14. All files under ./auto_gl/ToN-iot-oversample/deploy-exp/lgb_search/models/LightGBM/T14/ will be removed.
Loading: ./auto_gl/ToN-iot-oversample/deploy-exp/lgb_search/models/LightGBM/T15/model.pkl
Deleting model LightGBM/T15. All files under ./auto_gl/ToN-iot-oversample/deploy-exp/lgb_search/models/LightGBM/T15/ will be removed.
Loading: ./auto_gl/ToN-iot-oversample/deploy-exp/lgb_search/models/LightGBM/T16/model.pkl
Deleting model LightGBM/T16. All files under ./auto_gl/ToN-iot-oversample/deploy-exp/lgb_search/models/LightGBM/T16/ will be removed.
Loading: ./auto_gl/ToN-iot-oversample/deploy-exp/lgb_search/models/LightGBM/T17/model.pkl
Deleting model LightGBM/T17. All files under ./auto_gl/ToN-iot-oversample/deploy-exp/lgb_search/models/LightGBM/T17/ will be removed.
Loading: ./auto_gl/ToN-iot-oversample/deploy-exp/lgb_search/models/LightGBM/T18/model.pkl
Deleting model LightGBM/T18. All files under ./auto_gl/ToN-iot-oversample/deploy-exp/lgb_search/models/LightGBM/T18/ will be removed.
Loading: ./auto_gl/ToN-iot-oversample/deploy-exp/lgb_search/models/LightGBM/T19/model.pkl
Deleting model LightGBM/T19. All files under ./auto_gl/ToN-iot-oversample/deploy-exp/lgb_search/models/LightGBM/T19/ will be removed.
Loading: ./auto_gl/ToN-iot-oversample/deploy-exp/lgb_search/models/LightGBM/T20/model.pkl
Deleting model LightGBM/T20. All files under ./auto_gl/ToN-iot-oversample/deploy-exp/lgb_search/models/LightGBM/T20/ will be removed.
Loading: ./auto_gl/ToN-iot-oversample/deploy-exp/lgb_search/models/LightGBM/T21/model.pkl
Deleting model LightGBM/T21. All files under ./auto_gl/ToN-iot-oversample/deploy-exp/lgb_search/models/LightGBM/T21/ will be removed.
Loading: ./auto_gl/ToN-iot-oversample/deploy-exp/lgb_search/models/LightGBM/T23/model.pkl
Deleting model LightGBM/T23. All files under ./auto_gl/ToN-iot-oversample/deploy-exp/lgb_search/models/LightGBM/T23/ will be removed.
Loading: ./auto_gl/ToN-iot-oversample/deploy-exp/lgb_search/models/LightGBM/T24/model.pkl
Deleting model LightGBM/T24. All files under ./auto_gl/ToN-iot-oversample/deploy-exp/lgb_search/models/LightGBM/T24/ will be removed.
Loading: ./auto_gl/ToN-iot-oversample/deploy-exp/lgb_search/models/LightGBM/T25/model.pkl
Deleting model LightGBM/T25. All files under ./auto_gl/ToN-iot-oversample/deploy-exp/lgb_search/models/LightGBM/T25/ will be removed.
Loading: ./auto_gl/ToN-iot-oversample/deploy-exp/lgb_search/models/LightGBM/T26/model.pkl
Deleting model LightGBM/T26. All files under ./auto_gl/ToN-iot-oversample/deploy-exp/lgb_search/models/LightGBM/T26/ will be removed.
Loading: ./auto_gl/ToN-iot-oversample/deploy-exp/lgb_search/models/LightGBM/T27/model.pkl
Deleting model LightGBM/T27. All files under ./auto_gl/ToN-iot-oversample/deploy-exp/lgb_search/models/LightGBM/T27/ will be removed.
Loading: ./auto_gl/ToN-iot-oversample/deploy-exp/lgb_search/models/LightGBM/T28/model.pkl
Deleting model LightGBM/T28. All files under ./auto_gl/ToN-iot-oversample/deploy-exp/lgb_search/models/LightGBM/T28/ will be removed.
Loading: ./auto_gl/ToN-iot-oversample/deploy-exp/lgb_search/models/LightGBM/T29/model.pkl
Deleting model LightGBM/T29. All files under ./auto_gl/ToN-iot-oversample/deploy-exp/lgb_search/models/LightGBM/T29/ will be removed.
Loading: ./auto_gl/ToN-iot-oversample/deploy-exp/lgb_search/models/LightGBM/T30/model.pkl
Deleting model LightGBM/T30. All files under ./auto_gl/ToN-iot-oversample/deploy-exp/lgb_search/models/LightGBM/T30/ will be removed.
Loading: ./auto_gl/ToN-iot-oversample/deploy-exp/lgb_search/models/LightGBM/T31/model.pkl
Deleting model LightGBM/T31. All files under ./auto_gl/ToN-iot-oversample/deploy-exp/lgb_search/models/LightGBM/T31/ will be removed.
Loading: ./auto_gl/ToN-iot-oversample/deploy-exp/lgb_search/models/LightGBM/T32/model.pkl
Deleting model LightGBM/T32. All files under ./auto_gl/ToN-iot-oversample/deploy-exp/lgb_search/models/LightGBM/T32/ will be removed.
Loading: ./auto_gl/ToN-iot-oversample/deploy-exp/lgb_search/models/LightGBM/T33/model.pkl
Deleting model LightGBM/T33. All files under ./auto_gl/ToN-iot-oversample/deploy-exp/lgb_search/models/LightGBM/T33/ will be removed.
Loading: ./auto_gl/ToN-iot-oversample/deploy-exp/lgb_search/models/LightGBM/T35/model.pkl
Deleting model LightGBM/T35. All files under ./auto_gl/ToN-iot-oversample/deploy-exp/lgb_search/models/LightGBM/T35/ will be removed.
Loading: ./auto_gl/ToN-iot-oversample/deploy-exp/lgb_search/models/LightGBM/T36/model.pkl
Deleting model LightGBM/T36. All files under ./auto_gl/ToN-iot-oversample/deploy-exp/lgb_search/models/LightGBM/T36/ will be removed.
Loading: ./auto_gl/ToN-iot-oversample/deploy-exp/lgb_search/models/LightGBM/T38/model.pkl
Deleting model LightGBM/T38. All files under ./auto_gl/ToN-iot-oversample/deploy-exp/lgb_search/models/LightGBM/T38/ will be removed.
Loading: ./auto_gl/ToN-iot-oversample/deploy-exp/lgb_search/models/LightGBM/T39/model.pkl
Deleting model LightGBM/T39. All files under ./auto_gl/ToN-iot-oversample/deploy-exp/lgb_search/models/LightGBM/T39/ will be removed.
Loading: ./auto_gl/ToN-iot-oversample/deploy-exp/lgb_search/models/LightGBM/T40/model.pkl
Deleting model LightGBM/T40. All files under ./auto_gl/ToN-iot-oversample/deploy-exp/lgb_search/models/LightGBM/T40/ will be removed.
Loading: ./auto_gl/ToN-iot-oversample/deploy-exp/lgb_search/models/LightGBM/T41/model.pkl
Deleting model LightGBM/T41. All files under ./auto_gl/ToN-iot-oversample/deploy-exp/lgb_search/models/LightGBM/T41/ will be removed.
Loading: ./auto_gl/ToN-iot-oversample/deploy-exp/lgb_search/models/LightGBM/T42/model.pkl
Deleting model LightGBM/T42. All files under ./auto_gl/ToN-iot-oversample/deploy-exp/lgb_search/models/LightGBM/T42/ will be removed.
Loading: ./auto_gl/ToN-iot-oversample/deploy-exp/lgb_search/models/LightGBM/T43/model.pkl
Deleting model LightGBM/T43. All files under ./auto_gl/ToN-iot-oversample/deploy-exp/lgb_search/models/LightGBM/T43/ will be removed.
Loading: ./auto_gl/ToN-iot-oversample/deploy-exp/lgb_search/models/LightGBM/T44/model.pkl
Deleting model LightGBM/T44. All files under ./auto_gl/ToN-iot-oversample/deploy-exp/lgb_search/models/LightGBM/T44/ will be removed.
Loading: ./auto_gl/ToN-iot-oversample/deploy-exp/lgb_search/models/LightGBM/T45/model.pkl
Deleting model LightGBM/T45. All files under ./auto_gl/ToN-iot-oversample/deploy-exp/lgb_search/models/LightGBM/T45/ will be removed.
Loading: ./auto_gl/ToN-iot-oversample/deploy-exp/lgb_search/models/LightGBM/T46/model.pkl
Deleting model LightGBM/T46. All files under ./auto_gl/ToN-iot-oversample/deploy-exp/lgb_search/models/LightGBM/T46/ will be removed.
Loading: ./auto_gl/ToN-iot-oversample/deploy-exp/lgb_search/models/LightGBM/T47/model.pkl
Deleting model LightGBM/T47. All files under ./auto_gl/ToN-iot-oversample/deploy-exp/lgb_search/models/LightGBM/T47/ will be removed.
Loading: ./auto_gl/ToN-iot-oversample/deploy-exp/lgb_search/models/LightGBM/T48/model.pkl
Deleting model LightGBM/T48. All files under ./auto_gl/ToN-iot-oversample/deploy-exp/lgb_search/models/LightGBM/T48/ will be removed.
Loading: ./auto_gl/ToN-iot-oversample/deploy-exp/lgb_search/models/LightGBM/T49/model.pkl
Deleting model LightGBM/T49. All files under ./auto_gl/ToN-iot-oversample/deploy-exp/lgb_search/models/LightGBM/T49/ will be removed.
Loading: ./auto_gl/ToN-iot-oversample/deploy-exp/lgb_search/models/LightGBM/T50/model.pkl
Deleting model LightGBM/T50. All files under ./auto_gl/ToN-iot-oversample/deploy-exp/lgb_search/models/LightGBM/T50/ will be removed.
Saving ./auto_gl/ToN-iot-oversample/deploy-exp/lgb_search/models/trainer.pkl
Loading: ./auto_gl/ToN-iot-oversample/deploy-exp/lgb_search/models/LightGBM/T22/model.pkl
Saving ./auto_gl/ToN-iot-oversample/deploy-exp/lgb_search/models/LightGBM/T22/model.pkl
Loading: ./auto_gl/ToN-iot-oversample/deploy-exp/lgb_search/models/LightGBM/T34/model.pkl
Saving ./auto_gl/ToN-iot-oversample/deploy-exp/lgb_search/models/LightGBM/T34/model.pkl
Loading: ./auto_gl/ToN-iot-oversample/deploy-exp/lgb_search/models/LightGBM/T37/model.pkl
Saving ./auto_gl/ToN-iot-oversample/deploy-exp/lgb_search/models/LightGBM/T37/model.pkl
Loading: ./auto_gl/ToN-iot-oversample/deploy-exp/lgb_search/models/WeightedEnsemble_L2/model.pkl
Saving ./auto_gl/ToN-iot-oversample/deploy-exp/lgb_search/models/WeightedEnsemble_L2/model.pkl
Saving ./auto_gl/ToN-iot-oversample/deploy-exp/lgb_search/models/trainer.pkl
Saving ./auto_gl/ToN-iot-oversample/deploy-exp/lgb_search/models/trainer.pkl
Saving ./auto_gl/ToN-iot-oversample/deploy-exp/lgb_search/learner.pkl
Saving ./auto_gl/ToN-iot-oversample/deploy-exp/lgb_search/predictor.pkl
Saving ./auto_gl/ToN-iot-oversample/deploy-exp/lgb_search/__version__ with contents "0.4.0"
TabularPredictor saved. To load, use: predictor = TabularPredictor.load("./auto_gl/ToN-iot-oversample/deploy-exp/lgb_search/")

*** Summary of fit() ***
Estimated performance of each model:
                 model  score_val  pred_time_val  fit_time  pred_time_val_marginal  fit_time_marginal  stack_level  can_infer  fit_order
0  WeightedEnsemble_L2   0.999982       0.037996  4.587724                0.002173           0.996156            2       True          4
1         LightGBM/T22   0.999979       0.008226  1.238963                0.008226           1.238963            1       True          1
2         LightGBM/T34   0.999971       0.011676  1.191421                0.011676           1.191421            1       True          2
3         LightGBM/T37   0.999961       0.015922  1.161184                0.015922           1.161184            1       True          3
Number of models trained: 4
Types of models trained:
{'WeightedEnsembleModel', 'LGBModel'}
Bagging used: False
Multi-layer stack-ensembling used: False
Feature Metadata (Processed):
(raw dtype, special dtypes):
('float', [])     : 36 | ['src_ip_bytes', 'proto_tcp', 'src_bytes', 'dst_ip_bytes', 'src_pkts', ...]
('int', ['bool']) :  4 | ['dns_qtype_12', 'dns_rcode_2', 'service_gssapi', 'service_dce_rpc']
*** End of fit() summary ***
{'model_types': {'LightGBM/T22': 'LGBModel', 'LightGBM/T34': 'LGBModel', 'LightGBM/T37': 'LGBModel', 'WeightedEnsemble_L2': 'WeightedEnsembleModel'}, 'model_performance': {'LightGBM/T22': 0.9999790489892474, 'LightGBM/T34': 0.9999713882930079, 'LightGBM/T37': 0.9999612770570492, 'WeightedEnsemble_L2': 0.9999818969137859}, 'model_best': 'WeightedEnsemble_L2', 'model_paths': {'LightGBM/T22': './auto_gl//ToN-iot-oversample/deploy-exp/lgb_search/models/LightGBM/T22/', 'LightGBM/T34': './auto_gl//ToN-iot-oversample/deploy-exp/lgb_search/models/LightGBM/T34/', 'LightGBM/T37': './auto_gl//ToN-iot-oversample/deploy-exp/lgb_search/models/LightGBM/T37/', 'WeightedEnsemble_L2': './auto_gl//ToN-iot-oversample/deploy-exp/lgb_search/models/WeightedEnsemble_L2/'}, 'model_fit_times': {'LightGBM/T22': 1.2389633655548096, 'LightGBM/T34': 1.1914207935333252, 'LightGBM/T37': 1.1611835956573486, 'WeightedEnsemble_L2': 0.9961564540863037}, 'model_pred_times': {'LightGBM/T22': 0.008226156234741211, 'LightGBM/T34': 0.011675596237182617, 'LightGBM/T37': 0.015921592712402344, 'WeightedEnsemble_L2': 0.002172708511352539}, 'num_bag_folds': 0, 'max_stack_level': 2, 'num_classes': 2, 'model_hyperparams': {'LightGBM/T22': {'learning_rate': 0.103335706015396, 'num_boost_round': 100, 'num_leaves': 62, 'feature_fraction': 0.842181292665241, 'min_data_in_leaf': 2}, 'LightGBM/T34': {'learning_rate': 0.13405829707481565, 'num_boost_round': 100, 'num_leaves': 58, 'feature_fraction': 0.9097302690578282, 'min_data_in_leaf': 16}, 'LightGBM/T37': {'learning_rate': 0.17604540997461565, 'num_boost_round': 100, 'num_leaves': 45, 'feature_fraction': 0.8283045829864877, 'min_data_in_leaf': 18}, 'WeightedEnsemble_L2': {'use_orig_features': False, 'max_base_models': 25, 'max_base_models_per_type': 5, 'save_bag_folds': True}}, 'leaderboard':                  model  score_val  pred_time_val  fit_time  \
0  WeightedEnsemble_L2   0.999982       0.037996  4.587724
1         LightGBM/T22   0.999979       0.008226  1.238963
2         LightGBM/T34   0.999971       0.011676  1.191421
3         LightGBM/T37   0.999961       0.015922  1.161184

   pred_time_val_marginal  fit_time_marginal  stack_level  can_infer  \
0                0.002173           0.996156            2       True
1                0.008226           1.238963            1       True
2                0.011676           1.191421            1       True
3                0.015922           1.161184            1       True

   fit_order
0          4
1          1
2          2
3          3  }
{
    "roc_auc": 0.99998118876429,
    "accuracy": 0.9989072967361794,
    "balanced_accuracy": 0.9989069258751175,
    "mcc": 0.9978154054963481,
    "f1": 0.9989086268847175,
    "precision": 0.9982716960869857,
    "recall": 0.9995463709677419
}
4.951387415607922e-06